Determining if the pthread_create exist failed with the following output:
Change Dir: /home/runner/l05-recursive-art-abdulahiaemil05/.berea/build/CMakeFiles/CMakeTmp

Run Build Command:"/usr/bin/make" "cmTC_93fdf/fast"
/usr/bin/make -f CMakeFiles/cmTC_93fdf.dir/build.make CMakeFiles/cmTC_93fdf.dir/build
make[1]: Entering directory '/home/runner/l05-recursive-art-abdulahiaemil05/.berea/build/CMakeFiles/CMakeTmp'
Building C object CMakeFiles/cmTC_93fdf.dir/CheckSymbolExists.c.o
/usr/bin/cc    -o CMakeFiles/cmTC_93fdf.dir/CheckSymbolExists.c.o   -c /home/runner/l05-recursive-art-abdulahiaemil05/.berea/build/CMakeFiles/CMakeTmp/CheckSymbolExists.c
Linking C executable cmTC_93fdf
/usr/bin/cmake -E cmake_link_script CMakeFiles/cmTC_93fdf.dir/link.txt --verbose=1
/usr/bin/cc      CMakeFiles/cmTC_93fdf.dir/CheckSymbolExists.c.o  -o cmTC_93fdf 
CMakeFiles/cmTC_93fdf.dir/CheckSymbolExists.c.o: In function `main':
CheckSymbolExists.c:(.text+0x1b): undefined reference to `pthread_create'
collect2: error: ld returned 1 exit status
CMakeFiles/cmTC_93fdf.dir/build.make:97: recipe for target 'cmTC_93fdf' failed
make[1]: *** [cmTC_93fdf] Error 1
make[1]: Leaving directory '/home/runner/l05-recursive-art-abdulahiaemil05/.berea/build/CMakeFiles/CMakeTmp'
Makefile:126: recipe for target 'cmTC_93fdf/fast' failed
make: *** [cmTC_93fdf/fast] Error 2

File /home/runner/l05-recursive-art-abdulahiaemil05/.berea/build/CMakeFiles/CMakeTmp/CheckSymbolExists.c:
/* */
#include <pthread.h>

int main(int argc, char** argv)
{
  (void)argv;
#ifndef pthread_create
  return ((int*)(&pthread_create))[argc];
#else
  (void)argc;
  return 0;
#endif
}

Determining if the function pthread_create exists in the pthreads failed with the following output:
Change Dir: /home/runner/l05-recursive-art-abdulahiaemil05/.berea/build/CMakeFiles/CMakeTmp

Run Build Command:"/usr/bin/make" "cmTC_88eb0/fast"
/usr/bin/make -f CMakeFiles/cmTC_88eb0.dir/build.make CMakeFiles/cmTC_88eb0.dir/build
make[1]: Entering directory '/home/runner/l05-recursive-art-abdulahiaemil05/.berea/build/CMakeFiles/CMakeTmp'
Building C object CMakeFiles/cmTC_88eb0.dir/CheckFunctionExists.c.o
/usr/bin/cc   -DCHECK_FUNCTION_EXISTS=pthread_create   -o CMakeFiles/cmTC_88eb0.dir/CheckFunctionExists.c.o   -c /usr/share/cmake-3.10/Modules/CheckFunctionExists.c
Linking C executable cmTC_88eb0
/usr/bin/cmake -E cmake_link_script CMakeFiles/cmTC_88eb0.dir/link.txt --verbose=1
/usr/bin/cc  -DCHECK_FUNCTION_EXISTS=pthread_create    CMakeFiles/cmTC_88eb0.dir/CheckFunctionExists.c.o  -o cmTC_88eb0 -lpthreads 
/usr/bin/ld: cannot find -lpthreads
collect2: error: ld returned 1 exit status
CMakeFiles/cmTC_88eb0.dir/build.make:97: recipe for target 'cmTC_88eb0' failed
make[1]: *** [cmTC_88eb0] Error 1
make[1]: Leaving directory '/home/runner/l05-recursive-art-abdulahiaemil05/.berea/build/CMakeFiles/CMakeTmp'
Makefile:126: recipe for target 'cmTC_88eb0/fast' failed
make: *** [cmTC_88eb0/fast] Error 2


